Using pre-set license
Built from '2020.3/staging' branch; Version is '2020.3.43f1 (75bff06b76bf) revision 7716848'; Using compiler version '192528614'; Build Type 'Release'
OS: 'Windows 11  (10.0.22621) 64bit CoreSingleLanguage' Language: 'pt' Physical Memory: 16215 MB
BatchMode: 1, IsHumanControllingUs: 0, StartBugReporterOnCrash: 0, Is64bit: 1, IsPro: 0

COMMAND LINE ARGUMENTS:
C:\Program Files\Unity\Hub\Editor\2020.3.43f1\Editor\Unity.exe
-adb2
-batchMode
-noUpm
-name
AssetImportWorker0
-projectPath
C:/Users/ferna/OneDrive/Documents/My project
-logFile
Logs/AssetImportWorker0.log
-srvPort
55189
Successfully changed project path to: C:/Users/ferna/OneDrive/Documents/My project
C:/Users/ferna/OneDrive/Documents/My project
Using Asset Import Pipeline V2.
Refreshing native plugins compatible for Editor in 243.01 ms, found 3 plugins.
Preloading 1 native plugins for Editor in 2.49 ms.
Initialize engine version: 2020.3.43f1 (75bff06b76bf)
[Subsystems] Discovering subsystems at path C:/Program Files/Unity/Hub/Editor/2020.3.43f1/Editor/Data/Resources/UnitySubsystems
[Subsystems] Discovering subsystems at path C:/Users/ferna/OneDrive/Documents/My project/Assets
GfxDevice: creating device client; threaded=0
Direct3D:
    Version:  Direct3D 11.0 [level 11.1]
    Renderer: NVIDIA GeForce GTX 1650 (ID=0x1f9d)
    Vendor:   
    VRAM:     3962 MB
    Driver:   31.0.15.1659
Initialize mono
Mono path[0] = 'C:/Program Files/Unity/Hub/Editor/2020.3.43f1/Editor/Data/Managed'
Mono path[1] = 'C:/Program Files/Unity/Hub/Editor/2020.3.43f1/Editor/Data/MonoBleedingEdge/lib/mono/unityjit'
Mono config path = 'C:/Program Files/Unity/Hub/Editor/2020.3.43f1/Editor/Data/MonoBleedingEdge/etc'
Using monoOptions --debugger-agent=transport=dt_socket,embedding=1,server=y,suspend=n,address=127.0.0.1:56476
Begin MonoManager ReloadAssembly
Registering precompiled unity dll's ...
Register platform support module: C:/Program Files/Unity/Hub/Editor/2020.3.43f1/Editor/Data/PlaybackEngines/WindowsStandaloneSupport/UnityEditor.WindowsStandalone.Extensions.dll
Registered in 0.001380 seconds.
Native extension for WindowsStandalone target not found
Refreshing native plugins compatible for Editor in 50.36 ms, found 3 plugins.
Preloading 1 native plugins for Editor in 0.10 ms.
Mono: successfully reloaded assembly
- Completed reload, in  0.785 seconds
Domain Reload Profiling:
	ReloadAssembly (785ms)
		BeginReloadAssembly (128ms)
			ExecutionOrderSort (0ms)
			DisableScriptedObjects (0ms)
			BackupInstance (0ms)
			ReleaseScriptingObjects (0ms)
			CreateAndSetChildDomain (1ms)
		EndReloadAssembly (570ms)
			LoadAssemblies (125ms)
			RebuildTransferFunctionScriptingTraits (0ms)
			SetupTypeCache (174ms)
			ReleaseScriptCaches (0ms)
			RebuildScriptCaches (29ms)
			SetupLoadedEditorAssemblies (264ms)
				LogAssemblyErrors (0ms)
				InitializePlatformSupportModulesInManaged (3ms)
				SetLoadedEditorAssemblies (0ms)
				RefreshPlugins (51ms)
				BeforeProcessingInitializeOnLoad (16ms)
				ProcessInitializeOnLoadAttributes (167ms)
				ProcessInitializeOnLoadMethodAttributes (27ms)
				AfterProcessingInitializeOnLoad (0ms)
				EditorAssembliesLoaded (0ms)
			ExecutionOrderSort2 (0ms)
			AwakeInstancesAfterBackupRestoration (0ms)
Platform modules already initialized, skipping
Registering precompiled user dll's ...
Registered in 0.003106 seconds.
Begin MonoManager ReloadAssembly
Native extension for WindowsStandalone target not found
Refreshing native plugins compatible for Editor in 51.84 ms, found 3 plugins.
Preloading 1 native plugins for Editor in 0.11 ms.
Mono: successfully reloaded assembly
- Completed reload, in  1.479 seconds
Domain Reload Profiling:
	ReloadAssembly (1480ms)
		BeginReloadAssembly (205ms)
			ExecutionOrderSort (0ms)
			DisableScriptedObjects (5ms)
			BackupInstance (0ms)
			ReleaseScriptingObjects (0ms)
			CreateAndSetChildDomain (24ms)
		EndReloadAssembly (1179ms)
			LoadAssemblies (133ms)
			RebuildTransferFunctionScriptingTraits (0ms)
			SetupTypeCache (441ms)
			ReleaseScriptCaches (1ms)
			RebuildScriptCaches (65ms)
			SetupLoadedEditorAssemblies (444ms)
				LogAssemblyErrors (0ms)
				InitializePlatformSupportModulesInManaged (3ms)
				SetLoadedEditorAssemblies (0ms)
				RefreshPlugins (52ms)
				BeforeProcessingInitializeOnLoad (93ms)
				ProcessInitializeOnLoadAttributes (277ms)
				ProcessInitializeOnLoadMethodAttributes (14ms)
				AfterProcessingInitializeOnLoad (5ms)
				EditorAssembliesLoaded (0ms)
			ExecutionOrderSort2 (0ms)
			AwakeInstancesAfterBackupRestoration (2ms)
Platform modules already initialized, skipping
========================================================================
Worker process is ready to serve import requests
Launched and connected shader compiler UnityShaderCompiler.exe after 0.03 seconds
Refreshing native plugins compatible for Editor in 0.45 ms, found 3 plugins.
Preloading 1 native plugins for Editor in 0.08 ms.
Unloading 1995 Unused Serialized files (Serialized files now loaded: 0)
System memory in use before: 86.7 MB.
System memory in use after: 86.7 MB.

Unloading 27 unused Assets to reduce memory usage. Loaded Objects now: 2425.
Total: 3.249900 ms (FindLiveObjects: 0.160900 ms CreateObjectMapping: 0.091800 ms MarkObjects: 2.913000 ms  DeleteObjects: 0.082800 ms)

AssetImportParameters requested are different than current active one (requested -> active):
  custom:framework-win-MediaFoundation: 216162199b28c13a410421893ffa2e32 -> 
  custom:video-decoder-ogg-theora: a1e56fd34408186e4bbccfd4996cb3dc -> 
  custom:container-muxer-webm: aa71ff27fc2769a1b78a27578f13a17b -> 
  custom:container-demuxer-webm: 4f35f7cbe854078d1ac9338744f61a02 -> 
  custom:container-demuxer-ogg: 62fdf1f143b41e24485cea50d1cbac27 -> 
  custom:video-encoder-webm-vp8: eb34c28f22e8b96e1ab97ce403110664 -> 
  custom:video-decoder-webm-vp8: 9c59270c3fd7afecdb556c50c9e8de78 -> 
  custom:audio-decoder-ogg-vorbis: bf7c407c2cedff20999df2af8eb42d56 -> 
  custom:audio-encoder-webm-vorbis: bf7c407c2cedff20999df2af8eb42d56 -> 
========================================================================
Received Import Request.
  path: Assets/Samples/Unity Render Streaming/3.1.0-exp.3/Example
  artifactKey: Guid(497e5a3b7de1d394ea08737519a73e31) Importer(815301076,1909f56bfc062723c751e8b465ee728b)
Start importing Assets/Samples/Unity Render Streaming/3.1.0-exp.3/Example using Guid(497e5a3b7de1d394ea08737519a73e31) Importer(815301076,1909f56bfc062723c751e8b465ee728b)  -> (artifact id: 'f7d2e1b5828639b0d0c33d51ee6ef798') in 0.014183 seconds 
========================================================================
Received Prepare
Registering precompiled user dll's ...
Registered in 0.004442 seconds.
Begin MonoManager ReloadAssembly
Native extension for WindowsStandalone target not found
Refreshing native plugins compatible for Editor in 0.42 ms, found 3 plugins.
Preloading 1 native plugins for Editor in 0.07 ms.
Mono: successfully reloaded assembly
- Completed reload, in  0.991 seconds
Domain Reload Profiling:
	ReloadAssembly (992ms)
		BeginReloadAssembly (123ms)
			ExecutionOrderSort (0ms)
			DisableScriptedObjects (6ms)
			BackupInstance (0ms)
			ReleaseScriptingObjects (0ms)
			CreateAndSetChildDomain (34ms)
		EndReloadAssembly (806ms)
			LoadAssemblies (98ms)
			RebuildTransferFunctionScriptingTraits (0ms)
			SetupTypeCache (296ms)
			ReleaseScriptCaches (1ms)
			RebuildScriptCaches (34ms)
			SetupLoadedEditorAssemblies (299ms)
				LogAssemblyErrors (0ms)
				InitializePlatformSupportModulesInManaged (3ms)
				SetLoadedEditorAssemblies (0ms)
				RefreshPlugins (1ms)
				BeforeProcessingInitializeOnLoad (75ms)
				ProcessInitializeOnLoadAttributes (202ms)
				ProcessInitializeOnLoadMethodAttributes (13ms)
				AfterProcessingInitializeOnLoad (5ms)
				EditorAssembliesLoaded (0ms)
			ExecutionOrderSort2 (0ms)
			AwakeInstancesAfterBackupRestoration (2ms)
Platform modules already initialized, skipping
Refreshing native plugins compatible for Editor in 0.44 ms, found 3 plugins.
Preloading 1 native plugins for Editor in 0.07 ms.
Unloading 1989 Unused Serialized files (Serialized files now loaded: 0)
System memory in use before: 86.7 MB.
System memory in use after: 86.8 MB.

Unloading 20 unused Assets to reduce memory usage. Loaded Objects now: 2428.
Total: 2.776400 ms (FindLiveObjects: 0.148800 ms CreateObjectMapping: 0.079900 ms MarkObjects: 2.492400 ms  DeleteObjects: 0.054500 ms)

AssetImportParameters requested are different than current active one (requested -> active):
  custom:framework-win-MediaFoundation: 216162199b28c13a410421893ffa2e32 -> 
  custom:video-decoder-ogg-theora: a1e56fd34408186e4bbccfd4996cb3dc -> 
  custom:container-muxer-webm: aa71ff27fc2769a1b78a27578f13a17b -> 
  custom:container-demuxer-webm: 4f35f7cbe854078d1ac9338744f61a02 -> 
  custom:container-demuxer-ogg: 62fdf1f143b41e24485cea50d1cbac27 -> 
  custom:video-encoder-webm-vp8: eb34c28f22e8b96e1ab97ce403110664 -> 
  custom:video-decoder-webm-vp8: 9c59270c3fd7afecdb556c50c9e8de78 -> 
  custom:audio-decoder-ogg-vorbis: bf7c407c2cedff20999df2af8eb42d56 -> 
  custom:audio-encoder-webm-vorbis: bf7c407c2cedff20999df2af8eb42d56 -> 
========================================================================
Received Import Request.
  Time since last request: 8.929059 seconds.
  path: Assets/Samples/Unity Render Streaming/3.1.0-exp.3
  artifactKey: Guid(759159c86beae774a823e5a143a5358d) Importer(815301076,1909f56bfc062723c751e8b465ee728b)
Start importing Assets/Samples/Unity Render Streaming/3.1.0-exp.3 using Guid(759159c86beae774a823e5a143a5358d) Importer(815301076,1909f56bfc062723c751e8b465ee728b)  -> (artifact id: 'e7a6237d9b6fa7609a768a6215441076') in 0.012417 seconds 
========================================================================
Received Import Request.
  Time since last request: 3.747943 seconds.
  path: Assets/Samples/Unity Render Streaming/3.1.0-exp.3/Example/Unity.RenderStreaming.Samples.asmdef
  artifactKey: Guid(f2b75970d4ce1bb4295211de20b2b46f) Importer(815301076,1909f56bfc062723c751e8b465ee728b)
Start importing Assets/Samples/Unity Render Streaming/3.1.0-exp.3/Example/Unity.RenderStreaming.Samples.asmdef using Guid(f2b75970d4ce1bb4295211de20b2b46f) Importer(815301076,1909f56bfc062723c751e8b465ee728b)  -> (artifact id: 'd6918af92519aca735475d17575a4035') in 0.028844 seconds 
========================================================================
Received Import Request.
  Time since last request: 4.317468 seconds.
  path: Assets/Samples/Unity Render Streaming/3.1.0-exp.3/Example/ARFoundation
  artifactKey: Guid(8cc18800b9aa50e41b37d454cbe3b6bc) Importer(815301076,1909f56bfc062723c751e8b465ee728b)
Start importing Assets/Samples/Unity Render Streaming/3.1.0-exp.3/Example/ARFoundation using Guid(8cc18800b9aa50e41b37d454cbe3b6bc) Importer(815301076,1909f56bfc062723c751e8b465ee728b)  -> (artifact id: '92d471282a53c7ab3243d630576fb7fe') in 0.012310 seconds 
========================================================================
Received Import Request.
  Time since last request: 32.052700 seconds.
  path: Assets/Samples/Unity Render Streaming/3.1.0-exp.3/Example/WebBrowserInput
  artifactKey: Guid(923a364be8e7e9d489c2770063a790a0) Importer(815301076,1909f56bfc062723c751e8b465ee728b)
Start importing Assets/Samples/Unity Render Streaming/3.1.0-exp.3/Example/WebBrowserInput using Guid(923a364be8e7e9d489c2770063a790a0) Importer(815301076,1909f56bfc062723c751e8b465ee728b)  -> (artifact id: '01f87c7bf14fc15b320239bf38abc744') in 0.011610 seconds 
========================================================================
Received Import Request.
  Time since last request: 0.067131 seconds.
  path: Assets/Samples/Unity Render Streaming/3.1.0-exp.3/Example/WebBrowserInput/sin1000Hz.wav
  artifactKey: Guid(b694c794feaae6a449003215c571243a) Importer(815301076,1909f56bfc062723c751e8b465ee728b)
Start importing Assets/Samples/Unity Render Streaming/3.1.0-exp.3/Example/WebBrowserInput/sin1000Hz.wav using Guid(b694c794feaae6a449003215c571243a) Importer(815301076,1909f56bfc062723c751e8b465ee728b)  -> (artifact id: '9478f73c61fd8ef90a26fbfab4aa1cae') in 0.102243 seconds 
========================================================================
Received Import Request.
  Time since last request: 1.123136 seconds.
  path: Assets/Samples/Unity Render Streaming/3.1.0-exp.3/Example/WebBrowserInput/WebBrowserInput.unity
  artifactKey: Guid(046cb2f7ca8d1d84094628415dddd155) Importer(815301076,1909f56bfc062723c751e8b465ee728b)
Start importing Assets/Samples/Unity Render Streaming/3.1.0-exp.3/Example/WebBrowserInput/WebBrowserInput.unity using Guid(046cb2f7ca8d1d84094628415dddd155) Importer(815301076,1909f56bfc062723c751e8b465ee728b)  -> (artifact id: '33bb3e6f3b610982d1909111bb8901ed') in 0.009691 seconds 
========================================================================
Received Prepare
Registering precompiled user dll's ...
Registered in 0.003979 seconds.
Begin MonoManager ReloadAssembly
Native extension for WindowsStandalone target not found
Refreshing native plugins compatible for Editor in 1.27 ms, found 3 plugins.
Preloading 1 native plugins for Editor in 0.21 ms.
Mono: successfully reloaded assembly
- Completed reload, in  1.579 seconds
Domain Reload Profiling:
	ReloadAssembly (1580ms)
		BeginReloadAssembly (175ms)
			ExecutionOrderSort (0ms)
			DisableScriptedObjects (6ms)
			BackupInstance (0ms)
			ReleaseScriptingObjects (0ms)
			CreateAndSetChildDomain (59ms)
		EndReloadAssembly (1298ms)
			LoadAssemblies (146ms)
			RebuildTransferFunctionScriptingTraits (0ms)
			SetupTypeCache (477ms)
			ReleaseScriptCaches (2ms)
			RebuildScriptCaches (68ms)
			SetupLoadedEditorAssemblies (475ms)
				LogAssemblyErrors (0ms)
				InitializePlatformSupportModulesInManaged (5ms)
				SetLoadedEditorAssemblies (1ms)
				RefreshPlugins (2ms)
				BeforeProcessingInitializeOnLoad (121ms)
				ProcessInitializeOnLoadAttributes (326ms)
				ProcessInitializeOnLoadMethodAttributes (16ms)
				AfterProcessingInitializeOnLoad (5ms)
				EditorAssembliesLoaded (0ms)
			ExecutionOrderSort2 (0ms)
			AwakeInstancesAfterBackupRestoration (2ms)
Platform modules already initialized, skipping
Refreshing native plugins compatible for Editor in 0.62 ms, found 3 plugins.
Preloading 1 native plugins for Editor in 0.09 ms.
Unloading 1989 Unused Serialized files (Serialized files now loaded: 0)
System memory in use before: 89.8 MB.
System memory in use after: 89.9 MB.

Unloading 20 unused Assets to reduce memory usage. Loaded Objects now: 2441.
Total: 2.839500 ms (FindLiveObjects: 0.199500 ms CreateObjectMapping: 0.111400 ms MarkObjects: 2.467500 ms  DeleteObjects: 0.059800 ms)

AssetImportParameters requested are different than current active one (requested -> active):
  custom:framework-win-MediaFoundation: 216162199b28c13a410421893ffa2e32 -> 
  custom:video-decoder-ogg-theora: a1e56fd34408186e4bbccfd4996cb3dc -> 
  custom:container-muxer-webm: aa71ff27fc2769a1b78a27578f13a17b -> 
  custom:container-demuxer-webm: 4f35f7cbe854078d1ac9338744f61a02 -> 
  custom:container-demuxer-ogg: 62fdf1f143b41e24485cea50d1cbac27 -> 
  custom:video-encoder-webm-vp8: eb34c28f22e8b96e1ab97ce403110664 -> 
  custom:video-decoder-webm-vp8: 9c59270c3fd7afecdb556c50c9e8de78 -> 
  custom:audio-decoder-ogg-vorbis: bf7c407c2cedff20999df2af8eb42d56 -> 
  custom:audio-encoder-webm-vorbis: bf7c407c2cedff20999df2af8eb42d56 -> 
========================================================================
Received Import Request.
  Time since last request: 207.831768 seconds.
  path: Assets/Samples/Unity Render Streaming/3.1.0-exp.3/Example/WebBrowserInput/Player.inputactions
  artifactKey: Guid(3e5df0d4b00b4894fbe3b866760696f6) Importer(815301076,1909f56bfc062723c751e8b465ee728b)
Start importing Assets/Samples/Unity Render Streaming/3.1.0-exp.3/Example/WebBrowserInput/Player.inputactions using Guid(3e5df0d4b00b4894fbe3b866760696f6) Importer(815301076,1909f56bfc062723c751e8b465ee728b)  -> (artifact id: '8418a348345345d685a478e6308698ac') in 0.029160 seconds 
========================================================================
Received Import Request.
  Time since last request: 150.584070 seconds.
  path: Assets/Samples/Unity Render Streaming/3.1.0-exp.3/Example/Multiplay/Guest.prefab
  artifactKey: Guid(f99735f643c2ee344bba4094234fd984) Importer(815301076,1909f56bfc062723c751e8b465ee728b)
Start importing Assets/Samples/Unity Render Streaming/3.1.0-exp.3/Example/Multiplay/Guest.prefab using Guid(f99735f643c2ee344bba4094234fd984) Importer(815301076,1909f56bfc062723c751e8b465ee728b)  -> (artifact id: '5af43ad19002029f52df1bbc2a8acac0') in 0.029521 seconds 
========================================================================
Received Import Request.
  Time since last request: 0.000300 seconds.
  path: Assets/Samples/Unity Render Streaming/3.1.0-exp.3/Example/Multiplay/Player.prefab
  artifactKey: Guid(091348b4c72dfb741927d9544fc7fbbd) Importer(815301076,1909f56bfc062723c751e8b465ee728b)
Start importing Assets/Samples/Unity Render Streaming/3.1.0-exp.3/Example/Multiplay/Player.prefab using Guid(091348b4c72dfb741927d9544fc7fbbd) Importer(815301076,1909f56bfc062723c751e8b465ee728b)  -> (artifact id: 'a11160e4b83a7ab661b413c1e81c3b9f') in 0.171492 seconds 
========================================================================
Received Import Request.
  Time since last request: 0.000226 seconds.
  path: Assets/Samples/Unity Render Streaming/3.1.0-exp.3/Example/Multiplay/Player.inputactions
  artifactKey: Guid(8c0e401c9f7f88d43b8650b1b972f45f) Importer(815301076,1909f56bfc062723c751e8b465ee728b)
Start importing Assets/Samples/Unity Render Streaming/3.1.0-exp.3/Example/Multiplay/Player.inputactions using Guid(8c0e401c9f7f88d43b8650b1b972f45f) Importer(815301076,1909f56bfc062723c751e8b465ee728b)  -> (artifact id: '5eda2f08fb2074eb2a5d42ab8078f2fa') in 0.004952 seconds 
========================================================================
Received Import Request.
  Time since last request: 0.000269 seconds.
  path: Assets/Samples/Unity Render Streaming/3.1.0-exp.3/Example/Multiplay/Host.prefab
  artifactKey: Guid(a8d0903a5d0887a4c995401ef7832d6b) Importer(815301076,1909f56bfc062723c751e8b465ee728b)
Start importing Assets/Samples/Unity Render Streaming/3.1.0-exp.3/Example/Multiplay/Host.prefab using Guid(a8d0903a5d0887a4c995401ef7832d6b) Importer(815301076,1909f56bfc062723c751e8b465ee728b)  -> (artifact id: '7cab6ef77d9c72139a780f14c8c8b020') in 0.015321 seconds 
========================================================================
Received Import Request.
  Time since last request: 39.447999 seconds.
  path: Assets/Samples/Unity Render Streaming/3.1.0-exp.3/Example/Multiplay/Player 1.inputactions
  artifactKey: Guid(02792152718b33c429ac70cfcaaa1b4a) Importer(815301076,1909f56bfc062723c751e8b465ee728b)
Start importing Assets/Samples/Unity Render Streaming/3.1.0-exp.3/Example/Multiplay/Player 1.inputactions using Guid(02792152718b33c429ac70cfcaaa1b4a) Importer(815301076,1909f56bfc062723c751e8b465ee728b)  -> (artifact id: '9ee6929d40213c8c9bfa70231ed63c82') in 0.018364 seconds 
========================================================================
Received Import Request.
  Time since last request: 101.522618 seconds.
  path: Assets/Samples/Unity Render Streaming/3.1.0-exp.3/Example/WebBrowserInput/Movement.cs
  artifactKey: Guid(dcc67b99d78558f46a4cf24f0ec2b0cb) Importer(815301076,1909f56bfc062723c751e8b465ee728b)
Start importing Assets/Samples/Unity Render Streaming/3.1.0-exp.3/Example/WebBrowserInput/Movement.cs using Guid(dcc67b99d78558f46a4cf24f0ec2b0cb) Importer(815301076,1909f56bfc062723c751e8b465ee728b)  -> (artifact id: '10f97b6607a8d48c6a146d9932ad1605') in 0.018507 seconds 
========================================================================
Received Prepare
Registering precompiled user dll's ...
Registered in 0.002740 seconds.
Begin MonoManager ReloadAssembly
Native extension for WindowsStandalone target not found
Refreshing native plugins compatible for Editor in 0.43 ms, found 3 plugins.
Preloading 1 native plugins for Editor in 0.09 ms.
Mono: successfully reloaded assembly
- Completed reload, in  0.969 seconds
Domain Reload Profiling:
	ReloadAssembly (970ms)
		BeginReloadAssembly (114ms)
			ExecutionOrderSort (0ms)
			DisableScriptedObjects (6ms)
			BackupInstance (0ms)
			ReleaseScriptingObjects (0ms)
			CreateAndSetChildDomain (34ms)
		EndReloadAssembly (801ms)
			LoadAssemblies (86ms)
			RebuildTransferFunctionScriptingTraits (0ms)
			SetupTypeCache (292ms)
			ReleaseScriptCaches (1ms)
			RebuildScriptCaches (34ms)
			SetupLoadedEditorAssemblies (311ms)
				LogAssemblyErrors (0ms)
				InitializePlatformSupportModulesInManaged (3ms)
				SetLoadedEditorAssemblies (1ms)
				RefreshPlugins (1ms)
				BeforeProcessingInitializeOnLoad (75ms)
				ProcessInitializeOnLoadAttributes (208ms)
				ProcessInitializeOnLoadMethodAttributes (16ms)
				AfterProcessingInitializeOnLoad (7ms)
				EditorAssembliesLoaded (0ms)
			ExecutionOrderSort2 (0ms)
			AwakeInstancesAfterBackupRestoration (2ms)
Platform modules already initialized, skipping
Refreshing native plugins compatible for Editor in 1.83 ms, found 3 plugins.
Preloading 1 native plugins for Editor in 0.21 ms.
Unloading 1990 Unused Serialized files (Serialized files now loaded: 0)
System memory in use before: 90.4 MB.
System memory in use after: 90.4 MB.

Unloading 23 unused Assets to reduce memory usage. Loaded Objects now: 2452.
Total: 3.522500 ms (FindLiveObjects: 0.169100 ms CreateObjectMapping: 0.097500 ms MarkObjects: 3.085300 ms  DeleteObjects: 0.168200 ms)

AssetImportParameters requested are different than current active one (requested -> active):
  custom:framework-win-MediaFoundation: 216162199b28c13a410421893ffa2e32 -> 
  custom:video-decoder-ogg-theora: a1e56fd34408186e4bbccfd4996cb3dc -> 
  custom:container-muxer-webm: aa71ff27fc2769a1b78a27578f13a17b -> 
  custom:container-demuxer-webm: 4f35f7cbe854078d1ac9338744f61a02 -> 
  custom:container-demuxer-ogg: 62fdf1f143b41e24485cea50d1cbac27 -> 
  custom:video-encoder-webm-vp8: eb34c28f22e8b96e1ab97ce403110664 -> 
  custom:video-decoder-webm-vp8: 9c59270c3fd7afecdb556c50c9e8de78 -> 
  custom:audio-decoder-ogg-vorbis: bf7c407c2cedff20999df2af8eb42d56 -> 
  custom:audio-encoder-webm-vorbis: bf7c407c2cedff20999df2af8eb42d56 -> 
========================================================================
Received Prepare
Registering precompiled user dll's ...
Registered in 0.002839 seconds.
Begin MonoManager ReloadAssembly
Native extension for WindowsStandalone target not found
Refreshing native plugins compatible for Editor in 0.42 ms, found 3 plugins.
Preloading 1 native plugins for Editor in 0.07 ms.
Mono: successfully reloaded assembly
- Completed reload, in  0.979 seconds
Domain Reload Profiling:
	ReloadAssembly (979ms)
		BeginReloadAssembly (110ms)
			ExecutionOrderSort (0ms)
			DisableScriptedObjects (4ms)
			BackupInstance (0ms)
			ReleaseScriptingObjects (0ms)
			CreateAndSetChildDomain (39ms)
		EndReloadAssembly (812ms)
			LoadAssemblies (81ms)
			RebuildTransferFunctionScriptingTraits (0ms)
			SetupTypeCache (303ms)
			ReleaseScriptCaches (1ms)
			RebuildScriptCaches (38ms)
			SetupLoadedEditorAssemblies (304ms)
				LogAssemblyErrors (0ms)
				InitializePlatformSupportModulesInManaged (3ms)
				SetLoadedEditorAssemblies (0ms)
				RefreshPlugins (1ms)
				BeforeProcessingInitializeOnLoad (74ms)
				ProcessInitializeOnLoadAttributes (208ms)
				ProcessInitializeOnLoadMethodAttributes (13ms)
				AfterProcessingInitializeOnLoad (5ms)
				EditorAssembliesLoaded (0ms)
			ExecutionOrderSort2 (0ms)
			AwakeInstancesAfterBackupRestoration (2ms)
Platform modules already initialized, skipping
Refreshing native plugins compatible for Editor in 0.76 ms, found 3 plugins.
Preloading 1 native plugins for Editor in 0.09 ms.
Unloading 1990 Unused Serialized files (Serialized files now loaded: 0)
System memory in use before: 90.4 MB.
System memory in use after: 90.5 MB.

Unloading 20 unused Assets to reduce memory usage. Loaded Objects now: 2455.
Total: 2.788800 ms (FindLiveObjects: 0.154800 ms CreateObjectMapping: 0.074500 ms MarkObjects: 2.506300 ms  DeleteObjects: 0.052400 ms)

AssetImportParameters requested are different than current active one (requested -> active):
  custom:framework-win-MediaFoundation: 216162199b28c13a410421893ffa2e32 -> 
  custom:video-decoder-ogg-theora: a1e56fd34408186e4bbccfd4996cb3dc -> 
  custom:container-muxer-webm: aa71ff27fc2769a1b78a27578f13a17b -> 
  custom:container-demuxer-webm: 4f35f7cbe854078d1ac9338744f61a02 -> 
  custom:container-demuxer-ogg: 62fdf1f143b41e24485cea50d1cbac27 -> 
  custom:video-encoder-webm-vp8: eb34c28f22e8b96e1ab97ce403110664 -> 
  custom:video-decoder-webm-vp8: 9c59270c3fd7afecdb556c50c9e8de78 -> 
  custom:audio-decoder-ogg-vorbis: bf7c407c2cedff20999df2af8eb42d56 -> 
  custom:audio-encoder-webm-vorbis: bf7c407c2cedff20999df2af8eb42d56 -> 
========================================================================
Received Import Request.
  Time since last request: 134.403476 seconds.
  path: Assets/Samples/Unity Render Streaming/3.1.0-exp.3/Example/WebBrowserInput/Movement.cs
  artifactKey: Guid(dcc67b99d78558f46a4cf24f0ec2b0cb) Importer(815301076,1909f56bfc062723c751e8b465ee728b)
Start importing Assets/Samples/Unity Render Streaming/3.1.0-exp.3/Example/WebBrowserInput/Movement.cs using Guid(dcc67b99d78558f46a4cf24f0ec2b0cb) Importer(815301076,1909f56bfc062723c751e8b465ee728b)  -> (artifact id: 'a36d4949381ac83146fba0b5f09d4baf') in 0.005077 seconds 
========================================================================
Received Prepare
Registering precompiled user dll's ...
Registered in 0.003019 seconds.
Begin MonoManager ReloadAssembly
Native extension for WindowsStandalone target not found
Refreshing native plugins compatible for Editor in 0.42 ms, found 3 plugins.
Preloading 1 native plugins for Editor in 0.08 ms.
Mono: successfully reloaded assembly
- Completed reload, in  0.994 seconds
Domain Reload Profiling:
	ReloadAssembly (994ms)
		BeginReloadAssembly (121ms)
			ExecutionOrderSort (0ms)
			DisableScriptedObjects (4ms)
			BackupInstance (0ms)
			ReleaseScriptingObjects (0ms)
			CreateAndSetChildDomain (36ms)
		EndReloadAssembly (808ms)
			LoadAssemblies (105ms)
			RebuildTransferFunctionScriptingTraits (0ms)
			SetupTypeCache (297ms)
			ReleaseScriptCaches (1ms)
			RebuildScriptCaches (34ms)
			SetupLoadedEditorAssemblies (303ms)
				LogAssemblyErrors (0ms)
				InitializePlatformSupportModulesInManaged (4ms)
				SetLoadedEditorAssemblies (0ms)
				RefreshPlugins (1ms)
				BeforeProcessingInitializeOnLoad (81ms)
				ProcessInitializeOnLoadAttributes (200ms)
				ProcessInitializeOnLoadMethodAttributes (13ms)
				AfterProcessingInitializeOnLoad (5ms)
				EditorAssembliesLoaded (0ms)
			ExecutionOrderSort2 (0ms)
			AwakeInstancesAfterBackupRestoration (2ms)
Platform modules already initialized, skipping
Refreshing native plugins compatible for Editor in 0.42 ms, found 3 plugins.
Preloading 1 native plugins for Editor in 0.07 ms.
Unloading 1990 Unused Serialized files (Serialized files now loaded: 0)
System memory in use before: 90.4 MB.
System memory in use after: 90.5 MB.

Unloading 20 unused Assets to reduce memory usage. Loaded Objects now: 2458.
Total: 5.019500 ms (FindLiveObjects: 0.387700 ms CreateObjectMapping: 0.272800 ms MarkObjects: 4.259800 ms  DeleteObjects: 0.097900 ms)

AssetImportParameters requested are different than current active one (requested -> active):
  custom:framework-win-MediaFoundation: 216162199b28c13a410421893ffa2e32 -> 
  custom:video-decoder-ogg-theora: a1e56fd34408186e4bbccfd4996cb3dc -> 
  custom:container-muxer-webm: aa71ff27fc2769a1b78a27578f13a17b -> 
  custom:container-demuxer-webm: 4f35f7cbe854078d1ac9338744f61a02 -> 
  custom:container-demuxer-ogg: 62fdf1f143b41e24485cea50d1cbac27 -> 
  custom:video-encoder-webm-vp8: eb34c28f22e8b96e1ab97ce403110664 -> 
  custom:video-decoder-webm-vp8: 9c59270c3fd7afecdb556c50c9e8de78 -> 
  custom:audio-decoder-ogg-vorbis: bf7c407c2cedff20999df2af8eb42d56 -> 
  custom:audio-encoder-webm-vorbis: bf7c407c2cedff20999df2af8eb42d56 -> 
========================================================================
Received Import Request.
  Time since last request: 24.994835 seconds.
  path: Assets/Samples/Unity Render Streaming/3.1.0-exp.3/Example/WebBrowserInput/Movement.cs
  artifactKey: Guid(dcc67b99d78558f46a4cf24f0ec2b0cb) Importer(815301076,1909f56bfc062723c751e8b465ee728b)
Start importing Assets/Samples/Unity Render Streaming/3.1.0-exp.3/Example/WebBrowserInput/Movement.cs using Guid(dcc67b99d78558f46a4cf24f0ec2b0cb) Importer(815301076,1909f56bfc062723c751e8b465ee728b)  -> (artifact id: 'cfe610cd6b4c9970f1512c28ab299a67') in 0.005019 seconds 
========================================================================
Received Prepare
Registering precompiled user dll's ...
Registered in 0.003247 seconds.
Begin MonoManager ReloadAssembly
Native extension for WindowsStandalone target not found
Refreshing native plugins compatible for Editor in 0.46 ms, found 3 plugins.
Preloading 1 native plugins for Editor in 0.10 ms.
Mono: successfully reloaded assembly
- Completed reload, in  0.929 seconds
Domain Reload Profiling:
	ReloadAssembly (929ms)
		BeginReloadAssembly (101ms)
			ExecutionOrderSort (0ms)
			DisableScriptedObjects (4ms)
			BackupInstance (0ms)
			ReleaseScriptingObjects (0ms)
			CreateAndSetChildDomain (28ms)
		EndReloadAssembly (773ms)
			LoadAssemblies (85ms)
			RebuildTransferFunctionScriptingTraits (0ms)
			SetupTypeCache (273ms)
			ReleaseScriptCaches (1ms)
			RebuildScriptCaches (34ms)
			SetupLoadedEditorAssemblies (304ms)
				LogAssemblyErrors (0ms)
				InitializePlatformSupportModulesInManaged (3ms)
				SetLoadedEditorAssemblies (0ms)
				RefreshPlugins (1ms)
				BeforeProcessingInitializeOnLoad (75ms)
				ProcessInitializeOnLoadAttributes (207ms)
				ProcessInitializeOnLoadMethodAttributes (13ms)
				AfterProcessingInitializeOnLoad (5ms)
				EditorAssembliesLoaded (0ms)
			ExecutionOrderSort2 (0ms)
			AwakeInstancesAfterBackupRestoration (2ms)
Platform modules already initialized, skipping
Refreshing native plugins compatible for Editor in 0.46 ms, found 3 plugins.
Preloading 1 native plugins for Editor in 0.07 ms.
Unloading 1990 Unused Serialized files (Serialized files now loaded: 0)
System memory in use before: 90.4 MB.
System memory in use after: 90.5 MB.

Unloading 20 unused Assets to reduce memory usage. Loaded Objects now: 2461.
Total: 2.600500 ms (FindLiveObjects: 0.155400 ms CreateObjectMapping: 0.077900 ms MarkObjects: 2.317500 ms  DeleteObjects: 0.048600 ms)

AssetImportParameters requested are different than current active one (requested -> active):
  custom:framework-win-MediaFoundation: 216162199b28c13a410421893ffa2e32 -> 
  custom:video-decoder-ogg-theora: a1e56fd34408186e4bbccfd4996cb3dc -> 
  custom:container-muxer-webm: aa71ff27fc2769a1b78a27578f13a17b -> 
  custom:container-demuxer-webm: 4f35f7cbe854078d1ac9338744f61a02 -> 
  custom:container-demuxer-ogg: 62fdf1f143b41e24485cea50d1cbac27 -> 
  custom:video-encoder-webm-vp8: eb34c28f22e8b96e1ab97ce403110664 -> 
  custom:video-decoder-webm-vp8: 9c59270c3fd7afecdb556c50c9e8de78 -> 
  custom:audio-decoder-ogg-vorbis: bf7c407c2cedff20999df2af8eb42d56 -> 
  custom:audio-encoder-webm-vorbis: bf7c407c2cedff20999df2af8eb42d56 -> 
========================================================================
Received Import Request.
  Time since last request: 76.605303 seconds.
  path: Assets/Samples/Unity Render Streaming/3.1.0-exp.3/Example/WebBrowserInput/BallMat.mat
  artifactKey: Guid(cc91910531c4dfd41bc54f857bf297c2) Importer(815301076,1909f56bfc062723c751e8b465ee728b)
Start importing Assets/Samples/Unity Render Streaming/3.1.0-exp.3/Example/WebBrowserInput/BallMat.mat using Guid(cc91910531c4dfd41bc54f857bf297c2) Importer(815301076,1909f56bfc062723c751e8b465ee728b)  -> (artifact id: '757c8b55be67d766b8322c859308e0bc') in 0.081064 seconds 
========================================================================
Received Import Request.
  Time since last request: 17.615291 seconds.
  path: Assets/Samples/Unity Render Streaming/3.1.0-exp.3/Example/WebBrowserInput/BallMat 1.mat
  artifactKey: Guid(eb05e483401250b4b9aa6f82ee060fc2) Importer(815301076,1909f56bfc062723c751e8b465ee728b)
Start importing Assets/Samples/Unity Render Streaming/3.1.0-exp.3/Example/WebBrowserInput/BallMat 1.mat using Guid(eb05e483401250b4b9aa6f82ee060fc2) Importer(815301076,1909f56bfc062723c751e8b465ee728b)  -> (artifact id: '8c1ed160f297b00be07831420f4d884d') in 0.021157 seconds 
========================================================================
Received Import Request.
  Time since last request: 0.000279 seconds.
  path: Assets/Samples/Unity Render Streaming/3.1.0-exp.3/Example/WebBrowserInput/BallMat.mat
  artifactKey: Guid(cc91910531c4dfd41bc54f857bf297c2) Importer(815301076,1909f56bfc062723c751e8b465ee728b)
Start importing Assets/Samples/Unity Render Streaming/3.1.0-exp.3/Example/WebBrowserInput/BallMat.mat using Guid(cc91910531c4dfd41bc54f857bf297c2) Importer(815301076,1909f56bfc062723c751e8b465ee728b)  -> (artifact id: '9e25d11b5aff86887202ff1c68db4b00') in 0.018607 seconds 
========================================================================
Received Import Request.
  Time since last request: 4.510244 seconds.
  path: Assets/Samples/Unity Render Streaming/3.1.0-exp.3/Example/WebBrowserInput/Floor.mat
  artifactKey: Guid(eb05e483401250b4b9aa6f82ee060fc2) Importer(815301076,1909f56bfc062723c751e8b465ee728b)
Start importing Assets/Samples/Unity Render Streaming/3.1.0-exp.3/Example/WebBrowserInput/Floor.mat using Guid(eb05e483401250b4b9aa6f82ee060fc2) Importer(815301076,1909f56bfc062723c751e8b465ee728b)  -> (artifact id: '61a2a8152bc6303303c94bff8e4c7c11') in 0.017989 seconds 
========================================================================
Received Import Request.
  Time since last request: 9.439303 seconds.
  path: Assets/Samples/Unity Render Streaming/3.1.0-exp.3/Example/WebBrowserInput/Floor.mat
  artifactKey: Guid(eb05e483401250b4b9aa6f82ee060fc2) Importer(815301076,1909f56bfc062723c751e8b465ee728b)
Start importing Assets/Samples/Unity Render Streaming/3.1.0-exp.3/Example/WebBrowserInput/Floor.mat using Guid(eb05e483401250b4b9aa6f82ee060fc2) Importer(815301076,1909f56bfc062723c751e8b465ee728b)  -> (artifact id: '121af2083b45eaac4b641aef62db05e7') in 0.020323 seconds 
========================================================================
Received Prepare
Registering precompiled user dll's ...
Registered in 0.003219 seconds.
Begin MonoManager ReloadAssembly
Native extension for WindowsStandalone target not found
Refreshing native plugins compatible for Editor in 0.43 ms, found 3 plugins.
Preloading 1 native plugins for Editor in 0.08 ms.
Mono: successfully reloaded assembly
- Completed reload, in  0.989 seconds
Domain Reload Profiling:
	ReloadAssembly (990ms)
		BeginReloadAssembly (141ms)
			ExecutionOrderSort (0ms)
			DisableScriptedObjects (4ms)
			BackupInstance (0ms)
			ReleaseScriptingObjects (0ms)
			CreateAndSetChildDomain (38ms)
		EndReloadAssembly (793ms)
			LoadAssemblies (89ms)
			RebuildTransferFunctionScriptingTraits (0ms)
			SetupTypeCache (278ms)
			ReleaseScriptCaches (1ms)
			RebuildScriptCaches (44ms)
			SetupLoadedEditorAssemblies (297ms)
				LogAssemblyErrors (0ms)
				InitializePlatformSupportModulesInManaged (3ms)
				SetLoadedEditorAssemblies (0ms)
				RefreshPlugins (1ms)
				BeforeProcessingInitializeOnLoad (71ms)
				ProcessInitializeOnLoadAttributes (202ms)
				ProcessInitializeOnLoadMethodAttributes (13ms)
				AfterProcessingInitializeOnLoad (6ms)
				EditorAssembliesLoaded (0ms)
			ExecutionOrderSort2 (0ms)
			AwakeInstancesAfterBackupRestoration (3ms)
Platform modules already initialized, skipping
Refreshing native plugins compatible for Editor in 0.41 ms, found 3 plugins.
Preloading 1 native plugins for Editor in 0.07 ms.
Unloading 1990 Unused Serialized files (Serialized files now loaded: 0)
System memory in use before: 90.7 MB.
System memory in use after: 90.7 MB.

Unloading 20 unused Assets to reduce memory usage. Loaded Objects now: 2498.
Total: 2.873200 ms (FindLiveObjects: 0.209200 ms CreateObjectMapping: 0.104200 ms MarkObjects: 2.505400 ms  DeleteObjects: 0.053600 ms)

AssetImportParameters requested are different than current active one (requested -> active):
  custom:framework-win-MediaFoundation: 216162199b28c13a410421893ffa2e32 -> 
  custom:video-decoder-ogg-theora: a1e56fd34408186e4bbccfd4996cb3dc -> 
  custom:container-muxer-webm: aa71ff27fc2769a1b78a27578f13a17b -> 
  custom:container-demuxer-webm: 4f35f7cbe854078d1ac9338744f61a02 -> 
  custom:container-demuxer-ogg: 62fdf1f143b41e24485cea50d1cbac27 -> 
  custom:video-encoder-webm-vp8: eb34c28f22e8b96e1ab97ce403110664 -> 
  custom:video-decoder-webm-vp8: 9c59270c3fd7afecdb556c50c9e8de78 -> 
  custom:audio-decoder-ogg-vorbis: bf7c407c2cedff20999df2af8eb42d56 -> 
  custom:audio-encoder-webm-vorbis: bf7c407c2cedff20999df2af8eb42d56 -> 
========================================================================
Received Prepare
Registering precompiled user dll's ...
Registered in 0.004927 seconds.
Begin MonoManager ReloadAssembly
Native extension for WindowsStandalone target not found
Refreshing native plugins compatible for Editor in 0.70 ms, found 3 plugins.
Preloading 1 native plugins for Editor in 0.10 ms.
Mono: successfully reloaded assembly
- Completed reload, in  1.595 seconds
Domain Reload Profiling:
	ReloadAssembly (1596ms)
		BeginReloadAssembly (188ms)
			ExecutionOrderSort (0ms)
			DisableScriptedObjects (7ms)
			BackupInstance (0ms)
			ReleaseScriptingObjects (0ms)
			CreateAndSetChildDomain (59ms)
		EndReloadAssembly (1300ms)
			LoadAssemblies (154ms)
			RebuildTransferFunctionScriptingTraits (0ms)
			SetupTypeCache (470ms)
			ReleaseScriptCaches (2ms)
			RebuildScriptCaches (62ms)
			SetupLoadedEditorAssemblies (495ms)
				LogAssemblyErrors (0ms)
				InitializePlatformSupportModulesInManaged (6ms)
				SetLoadedEditorAssemblies (1ms)
				RefreshPlugins (1ms)
				BeforeProcessingInitializeOnLoad (119ms)
				ProcessInitializeOnLoadAttributes (339ms)
				ProcessInitializeOnLoadMethodAttributes (22ms)
				AfterProcessingInitializeOnLoad (8ms)
				EditorAssembliesLoaded (0ms)
			ExecutionOrderSort2 (0ms)
			AwakeInstancesAfterBackupRestoration (4ms)
Platform modules already initialized, skipping
Refreshing native plugins compatible for Editor in 0.60 ms, found 3 plugins.
Preloading 1 native plugins for Editor in 0.09 ms.
Unloading 1990 Unused Serialized files (Serialized files now loaded: 0)
System memory in use before: 90.7 MB.
System memory in use after: 90.7 MB.

Unloading 20 unused Assets to reduce memory usage. Loaded Objects now: 2501.
Total: 3.928300 ms (FindLiveObjects: 0.277700 ms CreateObjectMapping: 0.300200 ms MarkObjects: 3.284800 ms  DeleteObjects: 0.064300 ms)

AssetImportParameters requested are different than current active one (requested -> active):
  custom:framework-win-MediaFoundation: 216162199b28c13a410421893ffa2e32 -> 
  custom:video-decoder-ogg-theora: a1e56fd34408186e4bbccfd4996cb3dc -> 
  custom:container-muxer-webm: aa71ff27fc2769a1b78a27578f13a17b -> 
  custom:container-demuxer-webm: 4f35f7cbe854078d1ac9338744f61a02 -> 
  custom:container-demuxer-ogg: 62fdf1f143b41e24485cea50d1cbac27 -> 
  custom:video-encoder-webm-vp8: eb34c28f22e8b96e1ab97ce403110664 -> 
  custom:video-decoder-webm-vp8: 9c59270c3fd7afecdb556c50c9e8de78 -> 
  custom:audio-decoder-ogg-vorbis: bf7c407c2cedff20999df2af8eb42d56 -> 
  custom:audio-encoder-webm-vorbis: bf7c407c2cedff20999df2af8eb42d56 -> 
AssetImportWorkerClient::OnTransportError - code=2 error=End of file
